<?xml version="1.0" encoding="UTF-8"?>
<testng-results skipped="0" failed="0" ignored="0" total="1" passed="1">
  <reporter-output>
  </reporter-output>
  <suite name="Default suite" duration-ms="57761" started-at="2017-12-26T16:59:25Z" finished-at="2017-12-26T17:00:22Z">
    <groups>
    </groups>
    <test name="Default test" duration-ms="57761" started-at="2017-12-26T16:59:25Z" finished-at="2017-12-26T17:00:22Z">
      <class name="by.http.tstng.tstng_study.MailRuTest">
        <test-method status="PASS" signature="setUp()[pri:0, instance:by.http.tstng.tstng_study.MailRuTest@5419f379]" name="setUp" is-config="true" duration-ms="10922" started-at="2017-12-26T19:59:25Z" finished-at="2017-12-26T19:59:35Z">
          <reporter-output>
          </reporter-output>
        </test-method> <!-- setUp -->
        <test-method status="PASS" signature="sendEmail()[pri:0, instance:by.http.tstng.tstng_study.MailRuTest@5419f379]" name="sendEmail" duration-ms="46523" started-at="2017-12-26T19:59:35Z" finished-at="2017-12-26T20:00:22Z">
          <reporter-output>
          </reporter-output>
        </test-method> <!-- sendEmail -->
        <test-method status="PASS" signature="stopBrowser()[pri:0, instance:by.http.tstng.tstng_study.MailRuTest@5419f379]" name="stopBrowser" is-config="true" duration-ms="290" started-at="2017-12-26T20:00:22Z" finished-at="2017-12-26T20:00:22Z">
          <reporter-output>
          </reporter-output>
        </test-method> <!-- stopBrowser -->
      </class> <!-- by.http.tstng.tstng_study.MailRuTest -->
    </test> <!-- Default test -->
  </suite> <!-- Default suite -->
</testng-results>
